1740435986021:help
1740435998142:minimum-free-disk-space
1740436001301:exit
1740436209396:help
1740436220622:free-disk-space
1740436333539:help
1740436336157:free
1740436340508:free-deisk-space
1740436347626:free-disk-space
1740436416984:to-lowercase
1740436419601:help
1740436444704:to-lowercase
1740436453422:to-lowercase --ertrt
1740436517547:to-lowercase AbbHHKKertrt
1740436568409:exit
1740503550216:help
1740503556642:download
1740503563994:downlaod TestBild
1740503573581:download Test
1740512268664:showPhoto u1
1740512277505:show_photo u1
1740512280645:help
1740512287396:show-photo u1
1741023102038:help
1741023110012:show-photo u1
1741023117014:exit
1741030851344:help
1741030857705:exit
1741030867962:help
1741030872290:exit
